<?xml version="1.0" encoding="UTF-8"?>
<!-- Generated by org.testng.reporters.JUnitXMLReporter -->
<testsuite hostname="DESKTOP-JTNMTAS" ignored="0" name="Default test" tests="8" failures="0" timestamp="16 五月 2021 14:49:29 GMT" time="0.031" errors="0">
  <testcase name="testDemo0" time="0.003" classname="testDemo.TestNGDemo"/>
  <testcase name="testDemo1" time="0.001" classname="testDemo.TestNGDemo"/>
  <testcase name="assertEqualsDemo" time="0.001" classname="testDemo.AssertDemo"/>
  <testcase name="assertNotEqualsDemo" time="0.002" classname="testDemo.AssertDemo"/>
  <testcase name="assertNullDemo" time="0.001" classname="testDemo.AssertDemo"/>
  <testcase name="testDemo4" time="0.001" classname="testDemo.TestNGDemo"/>
  <testcase name="testDemo2" time="0.0" classname="testDemo.TestNGDemo"/>
  <testcase name="testDemo3" time="0.001" classname="testDemo.TestNGDemo"/>
</testsuite> <!-- Default test -->
